Предупреждение: CustomCategory:g_reports: Пустая категория материалов не опубликована.
Предупреждение: Tool:rup_rational_application_developer: Пустая категория материалов не опубликована.
Предупреждение: Tool:rup_rational_software_architect: Пустая категория материалов не опубликована.
Предупреждение: CustomCategory:delivery_processes: Пустая категория материалов не опубликована.
Предупреждение: CustomCategory:g_practices: Пустая категория материалов не опубликована.
Предупреждение: CustomCategory:g_roadmaps: Пустая категория материалов не опубликована.
Предупреждение: CustomCategory:g_reusable_assets: Пустая категория материалов не опубликована.
Предупреждение: CustomCategory:unused_guidance_types: Пустая категория материалов не опубликована.
Предупреждение: ToolMentor:create_use_case_model_survey: Отсутствует связанный элемент Report:use-case_model_survey
Предупреждение: ToolMentor:create_actor_report: Отсутствует связанный элемент Report:actor_report_-_actor_name
Предупреждение: ToolMentor:create_use_case_report: Отсутствует связанный элемент Report:use_case_specification_use-case_name
Предупреждение: ToolMentor:create_sad: Отсутствует связанный элемент Report:design-model_survey
Предупреждение: ToolMentor:create_sad: Отсутствует связанный элемент Report:use-case_realization_use-case_name
Предупреждение: ToolMentor:create_use_case_real_report: Отсутствует связанный элемент Report:use-case_realization_use-case_name
Предупреждение: ToolMentor:create_design_model_survey_report: Отсутствует связанный элемент Report:design-model_survey
Предупреждение: ToolMentor:create_class_report: Отсутствует связанный элемент Report:class_report_class_name
Предупреждение: ToolMentor:create_package_report: Отсутствует связанный элемент Report:design_package_subsystem
Предупреждение: SupportingMaterial:welcome: Отсутствует связанный элемент Discipline:rup_business_modeling_discipline
Предупреждение: Concept:product_directory_structure: Отсутствует связанный элемент Report:use-case_model_survey
Предупреждение: Concept:product_directory_structure: Отсутствует связанный элемент Report:use_case_specification_use-case_name
Предупреждение: Concept:product_directory_structure: Отсутствует связанный элемент Report:design-model_survey
Предупреждение: Concept:product_directory_structure: Отсутствует связанный элемент Report:use-case_model_survey
Предупреждение: Concept:product_directory_structure: Отсутствует связанный элемент Report:use_case_specification_use-case_name
Предупреждение: Concept:product_directory_structure: Отсутствует связанный элемент Report:design-model_survey
Предупреждение: Concept:product_directory_structure: Отсутствует связанный элемент Report:use-case_realization_use-case_name
Предупреждение: Concept:traceability: Отсутствует связанный элемент Artifact:rup_supplementary_specification
Предупреждение: Report:use-case_model_survey: IUPP0003W: Элемент не был опубликован, поскольку он недопустим в конфигурации.
Предупреждение: Report:actor_report_-_actor_name: IUPP0003W: Элемент не был опубликован, поскольку он недопустим в конфигурации.
Предупреждение: Report:use_case_specification_use-case_name: IUPP0003W: Элемент не был опубликован, поскольку он недопустим в конфигурации.
Предупреждение: Report:design-model_survey: IUPP0003W: Элемент не был опубликован, поскольку он недопустим в конфигурации.
Предупреждение: Report:use-case_realization_use-case_name: IUPP0003W: Элемент не был опубликован, поскольку он недопустим в конфигурации.
Предупреждение: Report:class_report_class_name: IUPP0003W: Элемент не был опубликован, поскольку он недопустим в конфигурации.
Предупреждение: Report:design_package_subsystem: IUPP0003W: Элемент не был опубликован, поскольку он недопустим в конфигурации.
Предупреждение: Discipline:rup_business_modeling_discipline: IUPP0003W: Элемент не был опубликован, поскольку он недопустим в конфигурации.
Предупреждение: Artifact:rup_supplementary_specification: IUPP0003W: Элемент не был опубликован, поскольку он недопустим в конфигурации.
